<?xml version="1.0" encoding="UTF-8"?>
<coverage generated="1633085310414" clover="3.2.0">
  <project timestamp="1633085310414" name="All files">
    <metrics statements="22" coveredstatements="7" conditionals="8" coveredconditionals="1" methods="7" coveredmethods="2" elements="37" coveredelements="10" complexity="0" loc="22" ncloc="22" packages="1" files="1" classes="1"/>
    <file name="add.js" path="/home/whoistolu/Documents/PowerHouse/To-Do-List/src/add.js">
      <metrics statements="22" coveredstatements="7" conditionals="8" coveredconditionals="1" methods="7" coveredmethods="2"/>
      <line num="1" count="1" type="stmt"/>
      <line num="2" count="0" type="stmt"/>
      <line num="3" count="0" type="cond" truecount="0" falsecount="2"/>
      <line num="4" count="0" type="stmt"/>
      <line num="9" count="1" type="stmt"/>
      <line num="10" count="1" type="cond" truecount="1" falsecount="1"/>
      <line num="11" count="1" type="stmt"/>
      <line num="13" count="0" type="stmt"/>
      <line num="16" count="1" type="stmt"/>
      <line num="17" count="1" type="stmt"/>
      <line num="20" count="1" type="stmt"/>
      <line num="21" count="0" type="stmt"/>
      <line num="22" count="0" type="stmt"/>
      <line num="23" count="0" type="stmt"/>
      <line num="24" count="0" type="stmt"/>
      <line num="25" count="0" type="cond" truecount="0" falsecount="2"/>
      <line num="26" count="0" type="stmt"/>
      <line num="27" count="0" type="stmt"/>
      <line num="28" count="0" type="cond" truecount="0" falsecount="2"/>
      <line num="29" count="0" type="stmt"/>
      <line num="31" count="0" type="stmt"/>
      <line num="35" count="0" type="stmt"/>
    </file>
  </project>
</coverage>
