TN:
SF:src/add.js
FN:1,(anonymous_0)
FN:2,(anonymous_1)
FN:9,(anonymous_2)
FN:16,(anonymous_3)
FN:20,(anonymous_4)
FN:23,(anonymous_5)
FN:27,(anonymous_6)
FNF:7
FNH:2
FNDA:0,(anonymous_0)
FNDA:0,(anonymous_1)
FNDA:1,(anonymous_2)
FNDA:1,(anonymous_3)
FNDA:0,(anonymous_4)
FNDA:0,(anonymous_5)
FNDA:0,(anonymous_6)
DA:1,1
DA:2,0
DA:3,0
DA:4,0
DA:9,1
DA:10,1
DA:11,1
DA:13,0
DA:16,1
DA:17,1
DA:20,1
DA:21,0
DA:22,0
DA:23,0
DA:24,0
DA:25,0
DA:26,0
DA:27,0
DA:28,0
DA:29,0
DA:31,0
DA:35,0
LF:22
LH:7
BRDA:3,0,0,0
BRDA:3,0,1,0
BRDA:10,1,0,1
BRDA:10,1,1,0
BRDA:25,2,0,0
BRDA:25,2,1,0
BRDA:28,3,0,0
BRDA:28,3,1,0
BRF:8
BRH:1
end_of_record
